<?xml version="1.0" encoding="UTF-8"?>
<!-- Generated by org.testng.reporters.JUnitReportReporter -->
<testsuite hostname="DESKTOP-DT0LPOQ" failures="0" tests="1" name="test.Amazon" time="19.100" errors="0" timestamp="2023-07-25T14:20:42 IST" skipped="0">
  <testcase classname="test.Amazon" name="f" time="19.100"/>
  <system-out/>
</testsuite> <!-- test.Amazon -->
