<?xml version="1.0" encoding="UTF-8"?>
<!-- Generated by org.testng.reporters.JUnitReportReporter -->
<testsuite hostname="DESKTOP-DT0LPOQ" failures="0" tests="1" name="test.Filpkart" time="12.456" errors="0" timestamp="2023-07-25T14:20:42 IST" skipped="0">
  <testcase classname="test.Filpkart" name="f" time="12.456"/>
  <system-out/>
</testsuite> <!-- test.Filpkart -->
